2014/08/10 15:54:41 [error] [exception.CException] exception 'CException' with message 'Message has an invalid validation rule. The rule must specify attributes to be validated and the validator name.' in C:\OpenServer\domains\wwwroot\yii\framework\base\CModel.php:289
Stack trace:
#0 C:\OpenServer\domains\wwwroot\yii\framework\base\CModel.php(260): CModel->createValidators()
#1 C:\OpenServer\domains\wwwroot\yii\framework\base\CModel.php(304): CModel->getValidators('name')
#2 C:\OpenServer\domains\wwwroot\yii\framework\web\helpers\CHtml.php(1414): CModel->isAttributeRequired('name')
#3 C:\OpenServer\domains\wwwroot\yii\framework\web\widgets\CActiveForm.php(597): CHtml::activeLabelEx(Object(Message), 'name', Array)
#4 C:\OpenServer\domains\wwwroot\guest_book\protected\views\message\_form.php(23): CActiveForm->labelEx(Object(Message), 'name')
#5 C:\OpenServer\domains\wwwroot\yii\framework\web\CBaseController.php(126): require('C:\OpenServer\d...')
#6 C:\OpenServer\domains\wwwroot\yii\framework\web\CBaseController.php(95): CBaseController->renderInternal('C:\OpenServer\d...', Array, true)
#7 C:\OpenServer\domains\wwwroot\yii\framework\web\CController.php(869): CBaseController->renderFile('C:\OpenServer\d...', Array, true)
#8 C:\OpenServer\domains\wwwroot\guest_book\protected\views\message\create.php(18): CController->renderPartial('_form', Array)
#9 C:\OpenServer\domains\wwwroot\yii\framework\web\CBaseController.php(126): require('C:\OpenServer\d...')
#10 C:\OpenServer\domains\wwwroot\yii\framework\web\CBaseController.php(95): CBaseController->renderInternal('C:\OpenServer\d...', Array, true)
#11 C:\OpenServer\domains\wwwroot\yii\framework\web\CController.php(869): CBaseController->renderFile('C:\OpenServer\d...', Array, true)
#12 C:\OpenServer\domains\wwwroot\yii\framework\web\CController.php(782): CController->renderPartial('create', Array, true)
#13 C:\OpenServer\domains\wwwroot\guest_book\protected\controllers\MessageController.php(79): CController->render('create', Array)
#14 C:\OpenServer\domains\wwwroot\yii\framework\web\actions\CInlineAction.php(49): MessageController->actionCreate()
#15 C:\OpenServer\domains\wwwroot\yii\framework\web\CController.php(308): CInlineAction->runWithParams(Array)
#16 C:\OpenServer\domains\wwwroot\yii\framework\web\filters\CFilterChain.php(133): CController->runAction(Object(CInlineAction))
#17 C:\OpenServer\domains\wwwroot\yii\framework\web\filters\CFilter.php(40): CFilterChain->run()
#18 C:\OpenServer\domains\wwwroot\yii\framework\web\CController.php(1145): CFilter->filter(Object(CFilterChain))
#19 C:\OpenServer\domains\wwwroot\yii\framework\web\filters\CInlineFilter.php(58): CController->filterAccessControl(Object(CFilterChain))
#20 C:\OpenServer\domains\wwwroot\yii\framework\web\filters\CFilterChain.php(130): CInlineFilter->filter(Object(CFilterChain))
#21 C:\OpenServer\domains\wwwroot\yii\framework\web\CController.php(291): CFilterChain->run()
#22 C:\OpenServer\domains\wwwroot\yii\framework\web\CController.php(265): CController->runActionWithFilters(Object(CInlineAction), Array)
#23 C:\OpenServer\domains\wwwroot\yii\framework\web\CWebApplication.php(282): CController->run('create')
#24 C:\OpenServer\domains\wwwroot\yii\framework\web\CWebApplication.php(141): CWebApplication->runController('message/create')
#25 C:\OpenServer\domains\wwwroot\yii\framework\base\CApplication.php(180): CWebApplication->processRequest()
#26 C:\OpenServer\domains\wwwroot\guest_book\index.php(13): CApplication->run()
#27 {main}
REQUEST_URI=/guest_book/index.php?r=message/create
HTTP_REFERER=http://wwwroot/guest_book/index.php?r=site/login
---
2014/08/10 15:57:12 [error] [exception.CException] exception 'CException' with message 'Property "Message.verifyCode" is not defined.' in C:\OpenServer\domains\wwwroot\yii\framework\base\CComponent.php:130
Stack trace:
#0 C:\OpenServer\domains\wwwroot\yii\framework\db\ar\CActiveRecord.php(145): CComponent->__get('verifyCode')
#1 C:\OpenServer\domains\wwwroot\yii\framework\validators\CCaptchaValidator.php(46): CActiveRecord->__get('verifyCode')
#2 C:\OpenServer\domains\wwwroot\yii\framework\validators\CValidator.php(213): CCaptchaValidator->validateAttribute(Object(Message), 'verifyCode')
#3 C:\OpenServer\domains\wwwroot\yii\framework\base\CModel.php(159): CValidator->validate(Object(Message), NULL)
#4 C:\OpenServer\domains\wwwroot\yii\framework\db\ar\CActiveRecord.php(805): CModel->validate(NULL)
#5 C:\OpenServer\domains\wwwroot\guest_book\protected\controllers\MessageController.php(73): CActiveRecord->save()
#6 C:\OpenServer\domains\wwwroot\yii\framework\web\actions\CInlineAction.php(49): MessageController->actionCreate()
#7 C:\OpenServer\domains\wwwroot\yii\framework\web\CController.php(308): CInlineAction->runWithParams(Array)
#8 C:\OpenServer\domains\wwwroot\yii\framework\web\filters\CFilterChain.php(133): CController->runAction(Object(CInlineAction))
#9 C:\OpenServer\domains\wwwroot\yii\framework\web\filters\CFilter.php(40): CFilterChain->run()
#10 C:\OpenServer\domains\wwwroot\yii\framework\web\CController.php(1145): CFilter->filter(Object(CFilterChain))
#11 C:\OpenServer\domains\wwwroot\yii\framework\web\filters\CInlineFilter.php(58): CController->filterAccessControl(Object(CFilterChain))
#12 C:\OpenServer\domains\wwwroot\yii\framework\web\filters\CFilterChain.php(130): CInlineFilter->filter(Object(CFilterChain))
#13 C:\OpenServer\domains\wwwroot\yii\framework\web\CController.php(291): CFilterChain->run()
#14 C:\OpenServer\domains\wwwroot\yii\framework\web\CController.php(265): CController->runActionWithFilters(Object(CInlineAction), Array)
#15 C:\OpenServer\domains\wwwroot\yii\framework\web\CWebApplication.php(282): CController->run('create')
#16 C:\OpenServer\domains\wwwroot\yii\framework\web\CWebApplication.php(141): CWebApplication->runController('message/create')
#17 C:\OpenServer\domains\wwwroot\yii\framework\base\CApplication.php(180): CWebApplication->processRequest()
#18 C:\OpenServer\domains\wwwroot\guest_book\index.php(13): CApplication->run()
#19 {main}
REQUEST_URI=/guest_book/index.php?r=message/create
HTTP_REFERER=http://wwwroot/guest_book/index.php?r=message/create
---
2014/08/10 15:57:25 [error] [exception.CException] exception 'CException' with message 'Property "Message.verifyCode" is not defined.' in C:\OpenServer\domains\wwwroot\yii\framework\base\CComponent.php:130
Stack trace:
#0 C:\OpenServer\domains\wwwroot\yii\framework\db\ar\CActiveRecord.php(145): CComponent->__get('verifyCode')
#1 C:\OpenServer\domains\wwwroot\yii\framework\validators\CCaptchaValidator.php(46): CActiveRecord->__get('verifyCode')
#2 C:\OpenServer\domains\wwwroot\yii\framework\validators\CValidator.php(213): CCaptchaValidator->validateAttribute(Object(Message), 'verifyCode')
#3 C:\OpenServer\domains\wwwroot\yii\framework\base\CModel.php(159): CValidator->validate(Object(Message), NULL)
#4 C:\OpenServer\domains\wwwroot\yii\framework\db\ar\CActiveRecord.php(805): CModel->validate(NULL)
#5 C:\OpenServer\domains\wwwroot\guest_book\protected\controllers\MessageController.php(73): CActiveRecord->save()
#6 C:\OpenServer\domains\wwwroot\yii\framework\web\actions\CInlineAction.php(49): MessageController->actionCreate()
#7 C:\OpenServer\domains\wwwroot\yii\framework\web\CController.php(308): CInlineAction->runWithParams(Array)
#8 C:\OpenServer\domains\wwwroot\yii\framework\web\filters\CFilterChain.php(133): CController->runAction(Object(CInlineAction))
#9 C:\OpenServer\domains\wwwroot\yii\framework\web\filters\CFilter.php(40): CFilterChain->run()
#10 C:\OpenServer\domains\wwwroot\yii\framework\web\CController.php(1145): CFilter->filter(Object(CFilterChain))
#11 C:\OpenServer\domains\wwwroot\yii\framework\web\filters\CInlineFilter.php(58): CController->filterAccessControl(Object(CFilterChain))
#12 C:\OpenServer\domains\wwwroot\yii\framework\web\filters\CFilterChain.php(130): CInlineFilter->filter(Object(CFilterChain))
#13 C:\OpenServer\domains\wwwroot\yii\framework\web\CController.php(291): CFilterChain->run()
#14 C:\OpenServer\domains\wwwroot\yii\framework\web\CController.php(265): CController->runActionWithFilters(Object(CInlineAction), Array)
#15 C:\OpenServer\domains\wwwroot\yii\framework\web\CWebApplication.php(282): CController->run('create')
#16 C:\OpenServer\domains\wwwroot\yii\framework\web\CWebApplication.php(141): CWebApplication->runController('message/create')
#17 C:\OpenServer\domains\wwwroot\yii\framework\base\CApplication.php(180): CWebApplication->processRequest()
#18 C:\OpenServer\domains\wwwroot\guest_book\index.php(13): CApplication->run()
#19 {main}
REQUEST_URI=/guest_book/index.php?r=message/create
HTTP_REFERER=http://wwwroot/guest_book/index.php?r=message/create
---
2014/08/10 15:58:40 [error] [exception.CException] exception 'CException' with message 'Property "Message.verifyCode" is not defined.' in C:\OpenServer\domains\wwwroot\yii\framework\base\CComponent.php:130
Stack trace:
#0 C:\OpenServer\domains\wwwroot\yii\framework\db\ar\CActiveRecord.php(145): CComponent->__get('verifyCode')
#1 C:\OpenServer\domains\wwwroot\yii\framework\validators\CCaptchaValidator.php(46): CActiveRecord->__get('verifyCode')
#2 C:\OpenServer\domains\wwwroot\yii\framework\validators\CValidator.php(213): CCaptchaValidator->validateAttribute(Object(Message), 'verifyCode')
#3 C:\OpenServer\domains\wwwroot\yii\framework\base\CModel.php(159): CValidator->validate(Object(Message), NULL)
#4 C:\OpenServer\domains\wwwroot\yii\framework\db\ar\CActiveRecord.php(805): CModel->validate(NULL)
#5 C:\OpenServer\domains\wwwroot\guest_book\protected\controllers\MessageController.php(73): CActiveRecord->save()
#6 C:\OpenServer\domains\wwwroot\yii\framework\web\actions\CInlineAction.php(49): MessageController->actionCreate()
#7 C:\OpenServer\domains\wwwroot\yii\framework\web\CController.php(308): CInlineAction->runWithParams(Array)
#8 C:\OpenServer\domains\wwwroot\yii\framework\web\filters\CFilterChain.php(133): CController->runAction(Object(CInlineAction))
#9 C:\OpenServer\domains\wwwroot\yii\framework\web\filters\CFilter.php(40): CFilterChain->run()
#10 C:\OpenServer\domains\wwwroot\yii\framework\web\CController.php(1145): CFilter->filter(Object(CFilterChain))
#11 C:\OpenServer\domains\wwwroot\yii\framework\web\filters\CInlineFilter.php(58): CController->filterAccessControl(Object(CFilterChain))
#12 C:\OpenServer\domains\wwwroot\yii\framework\web\filters\CFilterChain.php(130): CInlineFilter->filter(Object(CFilterChain))
#13 C:\OpenServer\domains\wwwroot\yii\framework\web\CController.php(291): CFilterChain->run()
#14 C:\OpenServer\domains\wwwroot\yii\framework\web\CController.php(265): CController->runActionWithFilters(Object(CInlineAction), Array)
#15 C:\OpenServer\domains\wwwroot\yii\framework\web\CWebApplication.php(282): CController->run('create')
#16 C:\OpenServer\domains\wwwroot\yii\framework\web\CWebApplication.php(141): CWebApplication->runController('message/create')
#17 C:\OpenServer\domains\wwwroot\yii\framework\base\CApplication.php(180): CWebApplication->processRequest()
#18 C:\OpenServer\domains\wwwroot\guest_book\index.php(13): CApplication->run()
#19 {main}
REQUEST_URI=/guest_book/index.php?r=message/create
HTTP_REFERER=http://wwwroot/guest_book/index.php?r=message/create
---
2014/08/10 15:59:32 [error] [exception.CException] exception 'CException' with message 'Property "Message.verifyCode" is not defined.' in C:\OpenServer\domains\wwwroot\yii\framework\base\CComponent.php:130
Stack trace:
#0 C:\OpenServer\domains\wwwroot\yii\framework\db\ar\CActiveRecord.php(145): CComponent->__get('verifyCode')
#1 C:\OpenServer\domains\wwwroot\yii\framework\validators\CCaptchaValidator.php(46): CActiveRecord->__get('verifyCode')
#2 C:\OpenServer\domains\wwwroot\yii\framework\validators\CValidator.php(213): CCaptchaValidator->validateAttribute(Object(Message), 'verifyCode')
#3 C:\OpenServer\domains\wwwroot\yii\framework\base\CModel.php(159): CValidator->validate(Object(Message), NULL)
#4 C:\OpenServer\domains\wwwroot\yii\framework\db\ar\CActiveRecord.php(805): CModel->validate(NULL)
#5 C:\OpenServer\domains\wwwroot\guest_book\protected\controllers\MessageController.php(73): CActiveRecord->save()
#6 C:\OpenServer\domains\wwwroot\yii\framework\web\actions\CInlineAction.php(49): MessageController->actionCreate()
#7 C:\OpenServer\domains\wwwroot\yii\framework\web\CController.php(308): CInlineAction->runWithParams(Array)
#8 C:\OpenServer\domains\wwwroot\yii\framework\web\filters\CFilterChain.php(133): CController->runAction(Object(CInlineAction))
#9 C:\OpenServer\domains\wwwroot\yii\framework\web\filters\CFilter.php(40): CFilterChain->run()
#10 C:\OpenServer\domains\wwwroot\yii\framework\web\CController.php(1145): CFilter->filter(Object(CFilterChain))
#11 C:\OpenServer\domains\wwwroot\yii\framework\web\filters\CInlineFilter.php(58): CController->filterAccessControl(Object(CFilterChain))
#12 C:\OpenServer\domains\wwwroot\yii\framework\web\filters\CFilterChain.php(130): CInlineFilter->filter(Object(CFilterChain))
#13 C:\OpenServer\domains\wwwroot\yii\framework\web\CController.php(291): CFilterChain->run()
#14 C:\OpenServer\domains\wwwroot\yii\framework\web\CController.php(265): CController->runActionWithFilters(Object(CInlineAction), Array)
#15 C:\OpenServer\domains\wwwroot\yii\framework\web\CWebApplication.php(282): CController->run('create')
#16 C:\OpenServer\domains\wwwroot\yii\framework\web\CWebApplication.php(141): CWebApplication->runController('message/create')
#17 C:\OpenServer\domains\wwwroot\yii\framework\base\CApplication.php(180): CWebApplication->processRequest()
#18 C:\OpenServer\domains\wwwroot\guest_book\index.php(13): CApplication->run()
#19 {main}
REQUEST_URI=/guest_book/index.php?r=message/create
HTTP_REFERER=http://wwwroot/guest_book/index.php?r=message/create
---
2014/08/10 15:59:37 [error] [exception.CException] exception 'CException' with message 'Property "Message.verifyCode" is not defined.' in C:\OpenServer\domains\wwwroot\yii\framework\base\CComponent.php:130
Stack trace:
#0 C:\OpenServer\domains\wwwroot\yii\framework\db\ar\CActiveRecord.php(145): CComponent->__get('verifyCode')
#1 C:\OpenServer\domains\wwwroot\yii\framework\validators\CCaptchaValidator.php(46): CActiveRecord->__get('verifyCode')
#2 C:\OpenServer\domains\wwwroot\yii\framework\validators\CValidator.php(213): CCaptchaValidator->validateAttribute(Object(Message), 'verifyCode')
#3 C:\OpenServer\domains\wwwroot\yii\framework\base\CModel.php(159): CValidator->validate(Object(Message), NULL)
#4 C:\OpenServer\domains\wwwroot\yii\framework\db\ar\CActiveRecord.php(805): CModel->validate(NULL)
#5 C:\OpenServer\domains\wwwroot\guest_book\protected\controllers\MessageController.php(73): CActiveRecord->save()
#6 C:\OpenServer\domains\wwwroot\yii\framework\web\actions\CInlineAction.php(49): MessageController->actionCreate()
#7 C:\OpenServer\domains\wwwroot\yii\framework\web\CController.php(308): CInlineAction->runWithParams(Array)
#8 C:\OpenServer\domains\wwwroot\yii\framework\web\filters\CFilterChain.php(133): CController->runAction(Object(CInlineAction))
#9 C:\OpenServer\domains\wwwroot\yii\framework\web\filters\CFilter.php(40): CFilterChain->run()
#10 C:\OpenServer\domains\wwwroot\yii\framework\web\CController.php(1145): CFilter->filter(Object(CFilterChain))
#11 C:\OpenServer\domains\wwwroot\yii\framework\web\filters\CInlineFilter.php(58): CController->filterAccessControl(Object(CFilterChain))
#12 C:\OpenServer\domains\wwwroot\yii\framework\web\filters\CFilterChain.php(130): CInlineFilter->filter(Object(CFilterChain))
#13 C:\OpenServer\domains\wwwroot\yii\framework\web\CController.php(291): CFilterChain->run()
#14 C:\OpenServer\domains\wwwroot\yii\framework\web\CController.php(265): CController->runActionWithFilters(Object(CInlineAction), Array)
#15 C:\OpenServer\domains\wwwroot\yii\framework\web\CWebApplication.php(282): CController->run('create')
#16 C:\OpenServer\domains\wwwroot\yii\framework\web\CWebApplication.php(141): CWebApplication->runController('message/create')
#17 C:\OpenServer\domains\wwwroot\yii\framework\base\CApplication.php(180): CWebApplication->processRequest()
#18 C:\OpenServer\domains\wwwroot\guest_book\index.php(13): CApplication->run()
#19 {main}
REQUEST_URI=/guest_book/index.php?r=message/create
HTTP_REFERER=http://wwwroot/guest_book/index.php?r=message/create
---
2014/08/10 16:00:17 [error] [exception.CException] exception 'CException' with message 'CCaptchaValidator.action "captcha" is invalid. Unable to find such an action in the current controller.' in C:\OpenServer\domains\wwwroot\yii\framework\validators\CCaptchaValidator.php:77
Stack trace:
#0 C:\OpenServer\domains\wwwroot\yii\framework\validators\CCaptchaValidator.php(49): CCaptchaValidator->getCaptchaAction()
#1 C:\OpenServer\domains\wwwroot\yii\framework\validators\CValidator.php(213): CCaptchaValidator->validateAttribute(Object(Message), 'verifyCode')
#2 C:\OpenServer\domains\wwwroot\yii\framework\base\CModel.php(159): CValidator->validate(Object(Message), NULL)
#3 C:\OpenServer\domains\wwwroot\yii\framework\db\ar\CActiveRecord.php(805): CModel->validate(NULL)
#4 C:\OpenServer\domains\wwwroot\guest_book\protected\controllers\MessageController.php(73): CActiveRecord->save()
#5 C:\OpenServer\domains\wwwroot\yii\framework\web\actions\CInlineAction.php(49): MessageController->actionCreate()
#6 C:\OpenServer\domains\wwwroot\yii\framework\web\CController.php(308): CInlineAction->runWithParams(Array)
#7 C:\OpenServer\domains\wwwroot\yii\framework\web\filters\CFilterChain.php(133): CController->runAction(Object(CInlineAction))
#8 C:\OpenServer\domains\wwwroot\yii\framework\web\filters\CFilter.php(40): CFilterChain->run()
#9 C:\OpenServer\domains\wwwroot\yii\framework\web\CController.php(1145): CFilter->filter(Object(CFilterChain))
#10 C:\OpenServer\domains\wwwroot\yii\framework\web\filters\CInlineFilter.php(58): CController->filterAccessControl(Object(CFilterChain))
#11 C:\OpenServer\domains\wwwroot\yii\framework\web\filters\CFilterChain.php(130): CInlineFilter->filter(Object(CFilterChain))
#12 C:\OpenServer\domains\wwwroot\yii\framework\web\CController.php(291): CFilterChain->run()
#13 C:\OpenServer\domains\wwwroot\yii\framework\web\CController.php(265): CController->runActionWithFilters(Object(CInlineAction), Array)
#14 C:\OpenServer\domains\wwwroot\yii\framework\web\CWebApplication.php(282): CController->run('create')
#15 C:\OpenServer\domains\wwwroot\yii\framework\web\CWebApplication.php(141): CWebApplication->runController('message/create')
#16 C:\OpenServer\domains\wwwroot\yii\framework\base\CApplication.php(180): CWebApplication->processRequest()
#17 C:\OpenServer\domains\wwwroot\guest_book\index.php(13): CApplication->run()
#18 {main}
REQUEST_URI=/guest_book/index.php?r=message/create
HTTP_REFERER=http://wwwroot/guest_book/index.php?r=message/create
---
2014/08/10 16:06:42 [error] [exception.CHttpException.403] exception 'CHttpException' with message 'You are not authorized to perform this action.' in C:\OpenServer\domains\wwwroot\yii\framework\web\auth\CAccessControlFilter.php:182
Stack trace:
#0 C:\OpenServer\domains\wwwroot\yii\framework\web\auth\CAccessControlFilter.php(145): CAccessControlFilter->accessDenied(Object(CWebUser), 'You are not aut...')
#1 C:\OpenServer\domains\wwwroot\yii\framework\web\filters\CFilter.php(38): CAccessControlFilter->preFilter(Object(CFilterChain))
#2 C:\OpenServer\domains\wwwroot\yii\framework\web\CController.php(1145): CFilter->filter(Object(CFilterChain))
#3 C:\OpenServer\domains\wwwroot\yii\framework\web\filters\CInlineFilter.php(58): CController->filterAccessControl(Object(CFilterChain))
#4 C:\OpenServer\domains\wwwroot\yii\framework\web\filters\CFilterChain.php(130): CInlineFilter->filter(Object(CFilterChain))
#5 C:\OpenServer\domains\wwwroot\yii\framework\web\CController.php(291): CFilterChain->run()
#6 C:\OpenServer\domains\wwwroot\yii\framework\web\CController.php(265): CController->runActionWithFilters(Object(CCaptchaAction), Array)
#7 C:\OpenServer\domains\wwwroot\yii\framework\web\CWebApplication.php(282): CController->run('captcha')
#8 C:\OpenServer\domains\wwwroot\yii\framework\web\CWebApplication.php(141): CWebApplication->runController('message/captcha')
#9 C:\OpenServer\domains\wwwroot\yii\framework\base\CApplication.php(180): CWebApplication->processRequest()
#10 C:\OpenServer\domains\wwwroot\guest_book\index.php(13): CApplication->run()
#11 {main}
REQUEST_URI=/guest_book/index.php?r=message/captcha&v=53e76052074c5
HTTP_REFERER=http://wwwroot/guest_book/index.php?r=message/create
---
2014/08/10 16:06:46 [error] [exception.CHttpException.403] exception 'CHttpException' with message 'You are not authorized to perform this action.' in C:\OpenServer\domains\wwwroot\yii\framework\web\auth\CAccessControlFilter.php:182
Stack trace:
#0 C:\OpenServer\domains\wwwroot\yii\framework\web\auth\CAccessControlFilter.php(145): CAccessControlFilter->accessDenied(Object(CWebUser), 'You are not aut...')
#1 C:\OpenServer\domains\wwwroot\yii\framework\web\filters\CFilter.php(38): CAccessControlFilter->preFilter(Object(CFilterChain))
#2 C:\OpenServer\domains\wwwroot\yii\framework\web\CController.php(1145): CFilter->filter(Object(CFilterChain))
#3 C:\OpenServer\domains\wwwroot\yii\framework\web\filters\CInlineFilter.php(58): CController->filterAccessControl(Object(CFilterChain))
#4 C:\OpenServer\domains\wwwroot\yii\framework\web\filters\CFilterChain.php(130): CInlineFilter->filter(Object(CFilterChain))
#5 C:\OpenServer\domains\wwwroot\yii\framework\web\CController.php(291): CFilterChain->run()
#6 C:\OpenServer\domains\wwwroot\yii\framework\web\CController.php(265): CController->runActionWithFilters(Object(CCaptchaAction), Array)
#7 C:\OpenServer\domains\wwwroot\yii\framework\web\CWebApplication.php(282): CController->run('captcha')
#8 C:\OpenServer\domains\wwwroot\yii\framework\web\CWebApplication.php(141): CWebApplication->runController('message/captcha')
#9 C:\OpenServer\domains\wwwroot\yii\framework\base\CApplication.php(180): CWebApplication->processRequest()
#10 C:\OpenServer\domains\wwwroot\guest_book\index.php(13): CApplication->run()
#11 {main}
REQUEST_URI=/guest_book/index.php?r=message/captcha&refresh=1&_=1407672406830
HTTP_REFERER=http://wwwroot/guest_book/index.php?r=message/create
---
2014/08/10 16:06:51 [error] [exception.CHttpException.403] exception 'CHttpException' with message 'You are not authorized to perform this action.' in C:\OpenServer\domains\wwwroot\yii\framework\web\auth\CAccessControlFilter.php:182
Stack trace:
#0 C:\OpenServer\domains\wwwroot\yii\framework\web\auth\CAccessControlFilter.php(145): CAccessControlFilter->accessDenied(Object(CWebUser), 'You are not aut...')
#1 C:\OpenServer\domains\wwwroot\yii\framework\web\filters\CFilter.php(38): CAccessControlFilter->preFilter(Object(CFilterChain))
#2 C:\OpenServer\domains\wwwroot\yii\framework\web\CController.php(1145): CFilter->filter(Object(CFilterChain))
#3 C:\OpenServer\domains\wwwroot\yii\framework\web\filters\CInlineFilter.php(58): CController->filterAccessControl(Object(CFilterChain))
#4 C:\OpenServer\domains\wwwroot\yii\framework\web\filters\CFilterChain.php(130): CInlineFilter->filter(Object(CFilterChain))
#5 C:\OpenServer\domains\wwwroot\yii\framework\web\CController.php(291): CFilterChain->run()
#6 C:\OpenServer\domains\wwwroot\yii\framework\web\CController.php(265): CController->runActionWithFilters(Object(CCaptchaAction), Array)
#7 C:\OpenServer\domains\wwwroot\yii\framework\web\CWebApplication.php(282): CController->run('captcha')
#8 C:\OpenServer\domains\wwwroot\yii\framework\web\CWebApplication.php(141): CWebApplication->runController('message/captcha')
#9 C:\OpenServer\domains\wwwroot\yii\framework\base\CApplication.php(180): CWebApplication->processRequest()
#10 C:\OpenServer\domains\wwwroot\guest_book\index.php(13): CApplication->run()
#11 {main}
REQUEST_URI=/guest_book/index.php?r=message/captcha&refresh=1&_=1407672411929
HTTP_REFERER=http://wwwroot/guest_book/index.php?r=message/create
---
2014/08/10 16:06:52 [error] [exception.CHttpException.403] exception 'CHttpException' with message 'You are not authorized to perform this action.' in C:\OpenServer\domains\wwwroot\yii\framework\web\auth\CAccessControlFilter.php:182
Stack trace:
#0 C:\OpenServer\domains\wwwroot\yii\framework\web\auth\CAccessControlFilter.php(145): CAccessControlFilter->accessDenied(Object(CWebUser), 'You are not aut...')
#1 C:\OpenServer\domains\wwwroot\yii\framework\web\filters\CFilter.php(38): CAccessControlFilter->preFilter(Object(CFilterChain))
#2 C:\OpenServer\domains\wwwroot\yii\framework\web\CController.php(1145): CFilter->filter(Object(CFilterChain))
#3 C:\OpenServer\domains\wwwroot\yii\framework\web\filters\CInlineFilter.php(58): CController->filterAccessControl(Object(CFilterChain))
#4 C:\OpenServer\domains\wwwroot\yii\framework\web\filters\CFilterChain.php(130): CInlineFilter->filter(Object(CFilterChain))
#5 C:\OpenServer\domains\wwwroot\yii\framework\web\CController.php(291): CFilterChain->run()
#6 C:\OpenServer\domains\wwwroot\yii\framework\web\CController.php(265): CController->runActionWithFilters(Object(CCaptchaAction), Array)
#7 C:\OpenServer\domains\wwwroot\yii\framework\web\CWebApplication.php(282): CController->run('captcha')
#8 C:\OpenServer\domains\wwwroot\yii\framework\web\CWebApplication.php(141): CWebApplication->runController('message/captcha')
#9 C:\OpenServer\domains\wwwroot\yii\framework\base\CApplication.php(180): CWebApplication->processRequest()
#10 C:\OpenServer\domains\wwwroot\guest_book\index.php(13): CApplication->run()
#11 {main}
REQUEST_URI=/guest_book/index.php?r=message/captcha&refresh=1&_=1407672412121
HTTP_REFERER=http://wwwroot/guest_book/index.php?r=message/create
---
2014/08/10 16:07:38 [error] [exception.CHttpException.403] exception 'CHttpException' with message 'You are not authorized to perform this action.' in C:\OpenServer\domains\wwwroot\yii\framework\web\auth\CAccessControlFilter.php:182
Stack trace:
#0 C:\OpenServer\domains\wwwroot\yii\framework\web\auth\CAccessControlFilter.php(145): CAccessControlFilter->accessDenied(Object(CWebUser), 'You are not aut...')
#1 C:\OpenServer\domains\wwwroot\yii\framework\web\filters\CFilter.php(38): CAccessControlFilter->preFilter(Object(CFilterChain))
#2 C:\OpenServer\domains\wwwroot\yii\framework\web\CController.php(1145): CFilter->filter(Object(CFilterChain))
#3 C:\OpenServer\domains\wwwroot\yii\framework\web\filters\CInlineFilter.php(58): CController->filterAccessControl(Object(CFilterChain))
#4 C:\OpenServer\domains\wwwroot\yii\framework\web\filters\CFilterChain.php(130): CInlineFilter->filter(Object(CFilterChain))
#5 C:\OpenServer\domains\wwwroot\yii\framework\web\CController.php(291): CFilterChain->run()
#6 C:\OpenServer\domains\wwwroot\yii\framework\web\CController.php(265): CController->runActionWithFilters(Object(CCaptchaAction), Array)
#7 C:\OpenServer\domains\wwwroot\yii\framework\web\CWebApplication.php(282): CController->run('captcha')
#8 C:\OpenServer\domains\wwwroot\yii\framework\web\CWebApplication.php(141): CWebApplication->runController('message/captcha')
#9 C:\OpenServer\domains\wwwroot\yii\framework\base\CApplication.php(180): CWebApplication->processRequest()
#10 C:\OpenServer\domains\wwwroot\guest_book\index.php(13): CApplication->run()
#11 {main}
REQUEST_URI=/guest_book/index.php?r=message/captcha&v=53e7608a94482
HTTP_REFERER=http://wwwroot/guest_book/index.php?r=message/create
---
2014/08/10 16:09:52 [error] [exception.CHttpException.403] exception 'CHttpException' with message 'You are not authorized to perform this action.' in C:\OpenServer\domains\wwwroot\yii\framework\web\auth\CAccessControlFilter.php:182
Stack trace:
#0 C:\OpenServer\domains\wwwroot\yii\framework\web\auth\CAccessControlFilter.php(145): CAccessControlFilter->accessDenied(Object(CWebUser), 'You are not aut...')
#1 C:\OpenServer\domains\wwwroot\yii\framework\web\filters\CFilter.php(38): CAccessControlFilter->preFilter(Object(CFilterChain))
#2 C:\OpenServer\domains\wwwroot\yii\framework\web\CController.php(1145): CFilter->filter(Object(CFilterChain))
#3 C:\OpenServer\domains\wwwroot\yii\framework\web\filters\CInlineFilter.php(58): CController->filterAccessControl(Object(CFilterChain))
#4 C:\OpenServer\domains\wwwroot\yii\framework\web\filters\CFilterChain.php(130): CInlineFilter->filter(Object(CFilterChain))
#5 C:\OpenServer\domains\wwwroot\yii\framework\web\CController.php(291): CFilterChain->run()
#6 C:\OpenServer\domains\wwwroot\yii\framework\web\CController.php(265): CController->runActionWithFilters(Object(CCaptchaAction), Array)
#7 C:\OpenServer\domains\wwwroot\yii\framework\web\CWebApplication.php(282): CController->run('captcha')
#8 C:\OpenServer\domains\wwwroot\yii\framework\web\CWebApplication.php(141): CWebApplication->runController('message/captcha')
#9 C:\OpenServer\domains\wwwroot\yii\framework\base\CApplication.php(180): CWebApplication->processRequest()
#10 C:\OpenServer\domains\wwwroot\guest_book\index.php(13): CApplication->run()
#11 {main}
REQUEST_URI=/guest_book/index.php?r=message/captcha&v=53e76110aa3ca
HTTP_REFERER=http://wwwroot/guest_book/index.php?r=message/create
---
2014/08/10 16:09:55 [error] [exception.CHttpException.403] exception 'CHttpException' with message 'You are not authorized to perform this action.' in C:\OpenServer\domains\wwwroot\yii\framework\web\auth\CAccessControlFilter.php:182
Stack trace:
#0 C:\OpenServer\domains\wwwroot\yii\framework\web\auth\CAccessControlFilter.php(145): CAccessControlFilter->accessDenied(Object(CWebUser), 'You are not aut...')
#1 C:\OpenServer\domains\wwwroot\yii\framework\web\filters\CFilter.php(38): CAccessControlFilter->preFilter(Object(CFilterChain))
#2 C:\OpenServer\domains\wwwroot\yii\framework\web\CController.php(1145): CFilter->filter(Object(CFilterChain))
#3 C:\OpenServer\domains\wwwroot\yii\framework\web\filters\CInlineFilter.php(58): CController->filterAccessControl(Object(CFilterChain))
#4 C:\OpenServer\domains\wwwroot\yii\framework\web\filters\CFilterChain.php(130): CInlineFilter->filter(Object(CFilterChain))
#5 C:\OpenServer\domains\wwwroot\yii\framework\web\CController.php(291): CFilterChain->run()
#6 C:\OpenServer\domains\wwwroot\yii\framework\web\CController.php(265): CController->runActionWithFilters(Object(CCaptchaAction), Array)
#7 C:\OpenServer\domains\wwwroot\yii\framework\web\CWebApplication.php(282): CController->run('captcha')
#8 C:\OpenServer\domains\wwwroot\yii\framework\web\CWebApplication.php(141): CWebApplication->runController('message/captcha')
#9 C:\OpenServer\domains\wwwroot\yii\framework\base\CApplication.php(180): CWebApplication->processRequest()
#10 C:\OpenServer\domains\wwwroot\guest_book\index.php(13): CApplication->run()
#11 {main}
REQUEST_URI=/guest_book/index.php?r=message/captcha&v=53e76110aa3ca
HTTP_REFERER=http://wwwroot/guest_book/index.php?r=message/create
---
2014/08/10 17:58:23 [error] [exception.CHttpException.403] exception 'CHttpException' with message 'You are not authorized to perform this action.' in C:\OpenServer\domains\wwwroot\yii\framework\web\auth\CAccessControlFilter.php:182
Stack trace:
#0 C:\OpenServer\domains\wwwroot\yii\framework\web\auth\CAccessControlFilter.php(145): CAccessControlFilter->accessDenied(Object(CWebUser), 'You are not aut...')
#1 C:\OpenServer\domains\wwwroot\yii\framework\web\filters\CFilter.php(38): CAccessControlFilter->preFilter(Object(CFilterChain))
#2 C:\OpenServer\domains\wwwroot\yii\framework\web\CController.php(1145): CFilter->filter(Object(CFilterChain))
#3 C:\OpenServer\domains\wwwroot\yii\framework\web\filters\CInlineFilter.php(58): CController->filterAccessControl(Object(CFilterChain))
#4 C:\OpenServer\domains\wwwroot\yii\framework\web\filters\CFilterChain.php(130): CInlineFilter->filter(Object(CFilterChain))
#5 C:\OpenServer\domains\wwwroot\yii\framework\web\CController.php(291): CFilterChain->run()
#6 C:\OpenServer\domains\wwwroot\yii\framework\web\CController.php(265): CController->runActionWithFilters(Object(CCaptchaAction), Array)
#7 C:\OpenServer\domains\wwwroot\yii\framework\web\CWebApplication.php(282): CController->run('captcha')
#8 C:\OpenServer\domains\wwwroot\yii\framework\web\CWebApplication.php(141): CWebApplication->runController('message/captcha')
#9 C:\OpenServer\domains\wwwroot\yii\framework\base\CApplication.php(180): CWebApplication->processRequest()
#10 C:\OpenServer\domains\wwwroot\guest_book\index.php(13): CApplication->run()
#11 {main}
REQUEST_URI=/guest_book/index.php?r=message/captcha&v=53e77a7ed3c53
HTTP_REFERER=http://wwwroot/guest_book/index.php?r=message/create
---
2014/08/10 17:58:50 [error] [exception.CHttpException.403] exception 'CHttpException' with message 'You are not authorized to perform this action.' in C:\OpenServer\domains\wwwroot\yii\framework\web\auth\CAccessControlFilter.php:182
Stack trace:
#0 C:\OpenServer\domains\wwwroot\yii\framework\web\auth\CAccessControlFilter.php(145): CAccessControlFilter->accessDenied(Object(CWebUser), 'You are not aut...')
#1 C:\OpenServer\domains\wwwroot\yii\framework\web\filters\CFilter.php(38): CAccessControlFilter->preFilter(Object(CFilterChain))
#2 C:\OpenServer\domains\wwwroot\yii\framework\web\CController.php(1145): CFilter->filter(Object(CFilterChain))
#3 C:\OpenServer\domains\wwwroot\yii\framework\web\filters\CInlineFilter.php(58): CController->filterAccessControl(Object(CFilterChain))
#4 C:\OpenServer\domains\wwwroot\yii\framework\web\filters\CFilterChain.php(130): CInlineFilter->filter(Object(CFilterChain))
#5 C:\OpenServer\domains\wwwroot\yii\framework\web\CController.php(291): CFilterChain->run()
#6 C:\OpenServer\domains\wwwroot\yii\framework\web\CController.php(265): CController->runActionWithFilters(Object(CCaptchaAction), Array)
#7 C:\OpenServer\domains\wwwroot\yii\framework\web\CWebApplication.php(282): CController->run('captcha')
#8 C:\OpenServer\domains\wwwroot\yii\framework\web\CWebApplication.php(141): CWebApplication->runController('message/captcha')
#9 C:\OpenServer\domains\wwwroot\yii\framework\base\CApplication.php(180): CWebApplication->processRequest()
#10 C:\OpenServer\domains\wwwroot\guest_book\index.php(13): CApplication->run()
#11 {main}
REQUEST_URI=/guest_book/index.php?r=message/captcha&v=53e77a99ccfe8
HTTP_REFERER=http://wwwroot/guest_book/index.php?r=message/create
---
2014/08/10 17:58:56 [error] [exception.CHttpException.403] exception 'CHttpException' with message 'You are not authorized to perform this action.' in C:\OpenServer\domains\wwwroot\yii\framework\web\auth\CAccessControlFilter.php:182
Stack trace:
#0 C:\OpenServer\domains\wwwroot\yii\framework\web\auth\CAccessControlFilter.php(145): CAccessControlFilter->accessDenied(Object(CWebUser), 'You are not aut...')
#1 C:\OpenServer\domains\wwwroot\yii\framework\web\filters\CFilter.php(38): CAccessControlFilter->preFilter(Object(CFilterChain))
#2 C:\OpenServer\domains\wwwroot\yii\framework\web\CController.php(1145): CFilter->filter(Object(CFilterChain))
#3 C:\OpenServer\domains\wwwroot\yii\framework\web\filters\CInlineFilter.php(58): CController->filterAccessControl(Object(CFilterChain))
#4 C:\OpenServer\domains\wwwroot\yii\framework\web\filters\CFilterChain.php(130): CInlineFilter->filter(Object(CFilterChain))
#5 C:\OpenServer\domains\wwwroot\yii\framework\web\CController.php(291): CFilterChain->run()
#6 C:\OpenServer\domains\wwwroot\yii\framework\web\CController.php(265): CController->runActionWithFilters(Object(CCaptchaAction), Array)
#7 C:\OpenServer\domains\wwwroot\yii\framework\web\CWebApplication.php(282): CController->run('captcha')
#8 C:\OpenServer\domains\wwwroot\yii\framework\web\CWebApplication.php(141): CWebApplication->runController('message/captcha')
#9 C:\OpenServer\domains\wwwroot\yii\framework\base\CApplication.php(180): CWebApplication->processRequest()
#10 C:\OpenServer\domains\wwwroot\guest_book\index.php(13): CApplication->run()
#11 {main}
REQUEST_URI=/guest_book/index.php?r=message/captcha&v=53e77a9f5f522
HTTP_REFERER=http://wwwroot/guest_book/index.php?r=message/create
---
2014/08/10 18:01:33 [error] [exception.CHttpException.403] exception 'CHttpException' with message 'You are not authorized to perform this action.' in C:\OpenServer\domains\wwwroot\yii\framework\web\auth\CAccessControlFilter.php:182
Stack trace:
#0 C:\OpenServer\domains\wwwroot\yii\framework\web\auth\CAccessControlFilter.php(145): CAccessControlFilter->accessDenied(Object(CWebUser), 'You are not aut...')
#1 C:\OpenServer\domains\wwwroot\yii\framework\web\filters\CFilter.php(38): CAccessControlFilter->preFilter(Object(CFilterChain))
#2 C:\OpenServer\domains\wwwroot\yii\framework\web\CController.php(1145): CFilter->filter(Object(CFilterChain))
#3 C:\OpenServer\domains\wwwroot\yii\framework\web\filters\CInlineFilter.php(58): CController->filterAccessControl(Object(CFilterChain))
#4 C:\OpenServer\domains\wwwroot\yii\framework\web\filters\CFilterChain.php(130): CInlineFilter->filter(Object(CFilterChain))
#5 C:\OpenServer\domains\wwwroot\yii\framework\web\CController.php(291): CFilterChain->run()
#6 C:\OpenServer\domains\wwwroot\yii\framework\web\CController.php(265): CController->runActionWithFilters(Object(CCaptchaAction), Array)
#7 C:\OpenServer\domains\wwwroot\yii\framework\web\CWebApplication.php(282): CController->run('captcha')
#8 C:\OpenServer\domains\wwwroot\yii\framework\web\CWebApplication.php(141): CWebApplication->runController('message/captcha')
#9 C:\OpenServer\domains\wwwroot\yii\framework\base\CApplication.php(180): CWebApplication->processRequest()
#10 C:\OpenServer\domains\wwwroot\guest_book\index.php(13): CApplication->run()
#11 {main}
REQUEST_URI=/guest_book/index.php?r=message/captcha&v=53e77b3d5e216
HTTP_REFERER=http://wwwroot/guest_book/index.php?r=message/create
---
2014/08/10 19:29:10 [error] [exception.CHttpException.403] exception 'CHttpException' with message 'You are not authorized to perform this action.' in C:\OpenServer\domains\wwwroot\yii\framework\web\auth\CAccessControlFilter.php:182
Stack trace:
#0 C:\OpenServer\domains\wwwroot\yii\framework\web\auth\CAccessControlFilter.php(145): CAccessControlFilter->accessDenied(Object(CWebUser), 'You are not aut...')
#1 C:\OpenServer\domains\wwwroot\yii\framework\web\filters\CFilter.php(38): CAccessControlFilter->preFilter(Object(CFilterChain))
#2 C:\OpenServer\domains\wwwroot\yii\framework\web\CController.php(1145): CFilter->filter(Object(CFilterChain))
#3 C:\OpenServer\domains\wwwroot\yii\framework\web\filters\CInlineFilter.php(58): CController->filterAccessControl(Object(CFilterChain))
#4 C:\OpenServer\domains\wwwroot\yii\framework\web\filters\CFilterChain.php(130): CInlineFilter->filter(Object(CFilterChain))
#5 C:\OpenServer\domains\wwwroot\yii\framework\web\CController.php(291): CFilterChain->run()
#6 C:\OpenServer\domains\wwwroot\yii\framework\web\CController.php(265): CController->runActionWithFilters(Object(CCaptchaAction), Array)
#7 C:\OpenServer\domains\wwwroot\yii\framework\web\CWebApplication.php(282): CController->run('captcha')
#8 C:\OpenServer\domains\wwwroot\yii\framework\web\CWebApplication.php(141): CWebApplication->runController('message/captcha')
#9 C:\OpenServer\domains\wwwroot\yii\framework\base\CApplication.php(180): CWebApplication->processRequest()
#10 C:\OpenServer\domains\wwwroot\guest_book\index.php(13): CApplication->run()
#11 {main}
REQUEST_URI=/guest_book/index.php?r=message/captcha&v=53e78fc6ba12c
HTTP_REFERER=http://wwwroot/guest_book/index.php?r=message/create
---
2014/08/10 19:29:36 [error] [exception.CHttpException.404] exception 'CHttpException' with message 'The system is unable to find the requested action "create".' in C:\OpenServer\domains\wwwroot\yii\framework\web\CController.php:483
Stack trace:
#0 C:\OpenServer\domains\wwwroot\yii\framework\web\CController.php(270): CController->missingAction('create')
#1 C:\OpenServer\domains\wwwroot\yii\framework\web\CWebApplication.php(282): CController->run('create')
#2 C:\OpenServer\domains\wwwroot\yii\framework\web\CWebApplication.php(141): CWebApplication->runController('site/create')
#3 C:\OpenServer\domains\wwwroot\yii\framework\base\CApplication.php(180): CWebApplication->processRequest()
#4 C:\OpenServer\domains\wwwroot\guest_book\index.php(13): CApplication->run()
#5 {main}
REQUEST_URI=/guest_book/index.php?r=site/create
---
2014/08/10 19:30:37 [error] [exception.CHttpException.400] exception 'CHttpException' with message 'Your request is invalid.' in C:\OpenServer\domains\wwwroot\yii\framework\web\CController.php:336
Stack trace:
#0 C:\OpenServer\domains\wwwroot\yii\framework\web\CController.php(309): CController->invalidActionParams(Object(CInlineAction))
#1 C:\OpenServer\domains\wwwroot\yii\framework\web\filters\CFilterChain.php(133): CController->runAction(Object(CInlineAction))
#2 C:\OpenServer\domains\wwwroot\yii\framework\web\filters\CFilter.php(40): CFilterChain->run()
#3 C:\OpenServer\domains\wwwroot\yii\framework\web\CController.php(1145): CFilter->filter(Object(CFilterChain))
#4 C:\OpenServer\domains\wwwroot\yii\framework\web\filters\CInlineFilter.php(58): CController->filterAccessControl(Object(CFilterChain))
#5 C:\OpenServer\domains\wwwroot\yii\framework\web\filters\CFilterChain.php(130): CInlineFilter->filter(Object(CFilterChain))
#6 C:\OpenServer\domains\wwwroot\yii\framework\web\CController.php(291): CFilterChain->run()
#7 C:\OpenServer\domains\wwwroot\yii\framework\web\CController.php(265): CController->runActionWithFilters(Object(CInlineAction), Array)
#8 C:\OpenServer\domains\wwwroot\yii\framework\web\CWebApplication.php(282): CController->run('view')
#9 C:\OpenServer\domains\wwwroot\yii\framework\web\CWebApplication.php(141): CWebApplication->runController('message/view')
#10 C:\OpenServer\domains\wwwroot\yii\framework\base\CApplication.php(180): CWebApplication->processRequest()
#11 C:\OpenServer\domains\wwwroot\guest_book\index.php(13): CApplication->run()
#12 {main}
REQUEST_URI=/guest_book/index.php?r=message/view
---
2014/08/10 19:30:49 [error] [exception.CHttpException.403] exception 'CHttpException' with message 'You are not authorized to perform this action.' in C:\OpenServer\domains\wwwroot\yii\framework\web\auth\CAccessControlFilter.php:182
Stack trace:
#0 C:\OpenServer\domains\wwwroot\yii\framework\web\auth\CAccessControlFilter.php(145): CAccessControlFilter->accessDenied(Object(CWebUser), 'You are not aut...')
#1 C:\OpenServer\domains\wwwroot\yii\framework\web\filters\CFilter.php(38): CAccessControlFilter->preFilter(Object(CFilterChain))
#2 C:\OpenServer\domains\wwwroot\yii\framework\web\CController.php(1145): CFilter->filter(Object(CFilterChain))
#3 C:\OpenServer\domains\wwwroot\yii\framework\web\filters\CInlineFilter.php(58): CController->filterAccessControl(Object(CFilterChain))
#4 C:\OpenServer\domains\wwwroot\yii\framework\web\filters\CFilterChain.php(130): CInlineFilter->filter(Object(CFilterChain))
#5 C:\OpenServer\domains\wwwroot\yii\framework\web\CController.php(291): CFilterChain->run()
#6 C:\OpenServer\domains\wwwroot\yii\framework\web\CController.php(265): CController->runActionWithFilters(Object(CCaptchaAction), Array)
#7 C:\OpenServer\domains\wwwroot\yii\framework\web\CWebApplication.php(282): CController->run('captcha')
#8 C:\OpenServer\domains\wwwroot\yii\framework\web\CWebApplication.php(141): CWebApplication->runController('message/captcha')
#9 C:\OpenServer\domains\wwwroot\yii\framework\base\CApplication.php(180): CWebApplication->processRequest()
#10 C:\OpenServer\domains\wwwroot\guest_book\index.php(13): CApplication->run()
#11 {main}
REQUEST_URI=/guest_book/index.php?r=message/captcha&v=53e7902929bd0
HTTP_REFERER=http://wwwroot/guest_book/index.php?r=message/create
---
2014/08/10 19:31:09 [error] [exception.CHttpException.403] exception 'CHttpException' with message 'You are not authorized to perform this action.' in C:\OpenServer\domains\wwwroot\yii\framework\web\auth\CAccessControlFilter.php:182
Stack trace:
#0 C:\OpenServer\domains\wwwroot\yii\framework\web\auth\CAccessControlFilter.php(145): CAccessControlFilter->accessDenied(Object(CWebUser), 'You are not aut...')
#1 C:\OpenServer\domains\wwwroot\yii\framework\web\filters\CFilter.php(38): CAccessControlFilter->preFilter(Object(CFilterChain))
#2 C:\OpenServer\domains\wwwroot\yii\framework\web\CController.php(1145): CFilter->filter(Object(CFilterChain))
#3 C:\OpenServer\domains\wwwroot\yii\framework\web\filters\CInlineFilter.php(58): CController->filterAccessControl(Object(CFilterChain))
#4 C:\OpenServer\domains\wwwroot\yii\framework\web\filters\CFilterChain.php(130): CInlineFilter->filter(Object(CFilterChain))
#5 C:\OpenServer\domains\wwwroot\yii\framework\web\CController.php(291): CFilterChain->run()
#6 C:\OpenServer\domains\wwwroot\yii\framework\web\CController.php(265): CController->runActionWithFilters(Object(CCaptchaAction), Array)
#7 C:\OpenServer\domains\wwwroot\yii\framework\web\CWebApplication.php(282): CController->run('captcha')
#8 C:\OpenServer\domains\wwwroot\yii\framework\web\CWebApplication.php(141): CWebApplication->runController('message/captcha')
#9 C:\OpenServer\domains\wwwroot\yii\framework\base\CApplication.php(180): CWebApplication->processRequest()
#10 C:\OpenServer\domains\wwwroot\guest_book\index.php(13): CApplication->run()
#11 {main}
REQUEST_URI=/guest_book/index.php?r=message/captcha&v=53e7903cf13f9
HTTP_REFERER=http://wwwroot/guest_book/index.php?r=message/create
---
2014/08/10 19:31:14 [error] [exception.CHttpException.403] exception 'CHttpException' with message 'You are not authorized to perform this action.' in C:\OpenServer\domains\wwwroot\yii\framework\web\auth\CAccessControlFilter.php:182
Stack trace:
#0 C:\OpenServer\domains\wwwroot\yii\framework\web\auth\CAccessControlFilter.php(145): CAccessControlFilter->accessDenied(Object(CWebUser), 'You are not aut...')
#1 C:\OpenServer\domains\wwwroot\yii\framework\web\filters\CFilter.php(38): CAccessControlFilter->preFilter(Object(CFilterChain))
#2 C:\OpenServer\domains\wwwroot\yii\framework\web\CController.php(1145): CFilter->filter(Object(CFilterChain))
#3 C:\OpenServer\domains\wwwroot\yii\framework\web\filters\CInlineFilter.php(58): CController->filterAccessControl(Object(CFilterChain))
#4 C:\OpenServer\domains\wwwroot\yii\framework\web\filters\CFilterChain.php(130): CInlineFilter->filter(Object(CFilterChain))
#5 C:\OpenServer\domains\wwwroot\yii\framework\web\CController.php(291): CFilterChain->run()
#6 C:\OpenServer\domains\wwwroot\yii\framework\web\CController.php(265): CController->runActionWithFilters(Object(CInlineAction), Array)
#7 C:\OpenServer\domains\wwwroot\yii\framework\web\CWebApplication.php(282): CController->run('delete')
#8 C:\OpenServer\domains\wwwroot\yii\framework\web\CWebApplication.php(141): CWebApplication->runController('message/delete')
#9 C:\OpenServer\domains\wwwroot\yii\framework\base\CApplication.php(180): CWebApplication->processRequest()
#10 C:\OpenServer\domains\wwwroot\guest_book\index.php(13): CApplication->run()
#11 {main}
REQUEST_URI=/guest_book/index.php?r=message/delete
---
2014/08/10 19:31:25 [error] [exception.CHttpException.403] exception 'CHttpException' with message 'You are not authorized to perform this action.' in C:\OpenServer\domains\wwwroot\yii\framework\web\auth\CAccessControlFilter.php:182
Stack trace:
#0 C:\OpenServer\domains\wwwroot\yii\framework\web\auth\CAccessControlFilter.php(145): CAccessControlFilter->accessDenied(Object(CWebUser), 'You are not aut...')
#1 C:\OpenServer\domains\wwwroot\yii\framework\web\filters\CFilter.php(38): CAccessControlFilter->preFilter(Object(CFilterChain))
#2 C:\OpenServer\domains\wwwroot\yii\framework\web\CController.php(1145): CFilter->filter(Object(CFilterChain))
#3 C:\OpenServer\domains\wwwroot\yii\framework\web\filters\CInlineFilter.php(58): CController->filterAccessControl(Object(CFilterChain))
#4 C:\OpenServer\domains\wwwroot\yii\framework\web\filters\CFilterChain.php(130): CInlineFilter->filter(Object(CFilterChain))
#5 C:\OpenServer\domains\wwwroot\yii\framework\web\CController.php(291): CFilterChain->run()
#6 C:\OpenServer\domains\wwwroot\yii\framework\web\CController.php(265): CController->runActionWithFilters(Object(CCaptchaAction), Array)
#7 C:\OpenServer\domains\wwwroot\yii\framework\web\CWebApplication.php(282): CController->run('captcha')
#8 C:\OpenServer\domains\wwwroot\yii\framework\web\CWebApplication.php(141): CWebApplication->runController('message/captcha')
#9 C:\OpenServer\domains\wwwroot\yii\framework\base\CApplication.php(180): CWebApplication->processRequest()
#10 C:\OpenServer\domains\wwwroot\guest_book\index.php(13): CApplication->run()
#11 {main}
REQUEST_URI=/guest_book/index.php?r=message/captcha&v=53e7904da7aba
HTTP_REFERER=http://wwwroot/guest_book/index.php?r=message/create
---
2014/08/10 21:49:37 [error] [exception.CHttpException.403] exception 'CHttpException' with message 'You are not authorized to perform this action.' in C:\OpenServer\domains\wwwroot\yii\framework\web\auth\CAccessControlFilter.php:182
Stack trace:
#0 C:\OpenServer\domains\wwwroot\yii\framework\web\auth\CAccessControlFilter.php(145): CAccessControlFilter->accessDenied(Object(CWebUser), 'You are not aut...')
#1 C:\OpenServer\domains\wwwroot\yii\framework\web\filters\CFilter.php(38): CAccessControlFilter->preFilter(Object(CFilterChain))
#2 C:\OpenServer\domains\wwwroot\yii\framework\web\CController.php(1145): CFilter->filter(Object(CFilterChain))
#3 C:\OpenServer\domains\wwwroot\yii\framework\web\filters\CInlineFilter.php(58): CController->filterAccessControl(Object(CFilterChain))
#4 C:\OpenServer\domains\wwwroot\yii\framework\web\filters\CFilterChain.php(130): CInlineFilter->filter(Object(CFilterChain))
#5 C:\OpenServer\domains\wwwroot\yii\framework\web\CController.php(291): CFilterChain->run()
#6 C:\OpenServer\domains\wwwroot\yii\framework\web\CController.php(265): CController->runActionWithFilters(Object(CCaptchaAction), Array)
#7 C:\OpenServer\domains\wwwroot\yii\framework\web\CWebApplication.php(282): CController->run('captcha')
#8 C:\OpenServer\domains\wwwroot\yii\framework\web\CWebApplication.php(141): CWebApplication->runController('message/captcha')
#9 C:\OpenServer\domains\wwwroot\yii\framework\base\CApplication.php(180): CWebApplication->processRequest()
#10 C:\OpenServer\domains\wwwroot\guest_book\index.php(13): CApplication->run()
#11 {main}
REQUEST_URI=/guest_book/index.php?r=message/captcha&v=53e7b0b153527
HTTP_REFERER=http://wwwroot/guest_book/index.php?r=message/index
---
2014/08/10 21:49:59 [error] [exception.CHttpException.403] exception 'CHttpException' with message 'You are not authorized to perform this action.' in C:\OpenServer\domains\wwwroot\yii\framework\web\auth\CAccessControlFilter.php:182
Stack trace:
#0 C:\OpenServer\domains\wwwroot\yii\framework\web\auth\CAccessControlFilter.php(145): CAccessControlFilter->accessDenied(Object(CWebUser), 'You are not aut...')
#1 C:\OpenServer\domains\wwwroot\yii\framework\web\filters\CFilter.php(38): CAccessControlFilter->preFilter(Object(CFilterChain))
#2 C:\OpenServer\domains\wwwroot\yii\framework\web\CController.php(1145): CFilter->filter(Object(CFilterChain))
#3 C:\OpenServer\domains\wwwroot\yii\framework\web\filters\CInlineFilter.php(58): CController->filterAccessControl(Object(CFilterChain))
#4 C:\OpenServer\domains\wwwroot\yii\framework\web\filters\CFilterChain.php(130): CInlineFilter->filter(Object(CFilterChain))
#5 C:\OpenServer\domains\wwwroot\yii\framework\web\CController.php(291): CFilterChain->run()
#6 C:\OpenServer\domains\wwwroot\yii\framework\web\CController.php(265): CController->runActionWithFilters(Object(CCaptchaAction), Array)
#7 C:\OpenServer\domains\wwwroot\yii\framework\web\CWebApplication.php(282): CController->run('captcha')
#8 C:\OpenServer\domains\wwwroot\yii\framework\web\CWebApplication.php(141): CWebApplication->runController('message/captcha')
#9 C:\OpenServer\domains\wwwroot\yii\framework\base\CApplication.php(180): CWebApplication->processRequest()
#10 C:\OpenServer\domains\wwwroot\guest_book\index.php(13): CApplication->run()
#11 {main}
REQUEST_URI=/guest_book/index.php?r=message/captcha&v=53e7b0c779189
HTTP_REFERER=http://wwwroot/guest_book/index.php?r=message/index
---
2014/08/10 21:50:44 [error] [exception.CHttpException.403] exception 'CHttpException' with message 'You are not authorized to perform this action.' in C:\OpenServer\domains\wwwroot\yii\framework\web\auth\CAccessControlFilter.php:182
Stack trace:
#0 C:\OpenServer\domains\wwwroot\yii\framework\web\auth\CAccessControlFilter.php(145): CAccessControlFilter->accessDenied(Object(CWebUser), 'You are not aut...')
#1 C:\OpenServer\domains\wwwroot\yii\framework\web\filters\CFilter.php(38): CAccessControlFilter->preFilter(Object(CFilterChain))
#2 C:\OpenServer\domains\wwwroot\yii\framework\web\CController.php(1145): CFilter->filter(Object(CFilterChain))
#3 C:\OpenServer\domains\wwwroot\yii\framework\web\filters\CInlineFilter.php(58): CController->filterAccessControl(Object(CFilterChain))
#4 C:\OpenServer\domains\wwwroot\yii\framework\web\filters\CFilterChain.php(130): CInlineFilter->filter(Object(CFilterChain))
#5 C:\OpenServer\domains\wwwroot\yii\framework\web\CController.php(291): CFilterChain->run()
#6 C:\OpenServer\domains\wwwroot\yii\framework\web\CController.php(265): CController->runActionWithFilters(Object(CCaptchaAction), Array)
#7 C:\OpenServer\domains\wwwroot\yii\framework\web\CWebApplication.php(282): CController->run('captcha')
#8 C:\OpenServer\domains\wwwroot\yii\framework\web\CWebApplication.php(141): CWebApplication->runController('message/captcha')
#9 C:\OpenServer\domains\wwwroot\yii\framework\base\CApplication.php(180): CWebApplication->processRequest()
#10 C:\OpenServer\domains\wwwroot\guest_book\index.php(13): CApplication->run()
#11 {main}
REQUEST_URI=/guest_book/index.php?r=message/captcha&v=53e7b0f41939a
HTTP_REFERER=http://wwwroot/guest_book/index.php?r=message/index
---
2014/08/10 21:50:51 [error] [exception.CHttpException.403] exception 'CHttpException' with message 'You are not authorized to perform this action.' in C:\OpenServer\domains\wwwroot\yii\framework\web\auth\CAccessControlFilter.php:182
Stack trace:
#0 C:\OpenServer\domains\wwwroot\yii\framework\web\auth\CAccessControlFilter.php(145): CAccessControlFilter->accessDenied(Object(CWebUser), 'You are not aut...')
#1 C:\OpenServer\domains\wwwroot\yii\framework\web\filters\CFilter.php(38): CAccessControlFilter->preFilter(Object(CFilterChain))
#2 C:\OpenServer\domains\wwwroot\yii\framework\web\CController.php(1145): CFilter->filter(Object(CFilterChain))
#3 C:\OpenServer\domains\wwwroot\yii\framework\web\filters\CInlineFilter.php(58): CController->filterAccessControl(Object(CFilterChain))
#4 C:\OpenServer\domains\wwwroot\yii\framework\web\filters\CFilterChain.php(130): CInlineFilter->filter(Object(CFilterChain))
#5 C:\OpenServer\domains\wwwroot\yii\framework\web\CController.php(291): CFilterChain->run()
#6 C:\OpenServer\domains\wwwroot\yii\framework\web\CController.php(265): CController->runActionWithFilters(Object(CCaptchaAction), Array)
#7 C:\OpenServer\domains\wwwroot\yii\framework\web\CWebApplication.php(282): CController->run('captcha')
#8 C:\OpenServer\domains\wwwroot\yii\framework\web\CWebApplication.php(141): CWebApplication->runController('message/captcha')
#9 C:\OpenServer\domains\wwwroot\yii\framework\base\CApplication.php(180): CWebApplication->processRequest()
#10 C:\OpenServer\domains\wwwroot\guest_book\index.php(13): CApplication->run()
#11 {main}
REQUEST_URI=/guest_book/index.php?r=message/captcha&v=53e7b0faca6f3
HTTP_REFERER=http://wwwroot/guest_book/index.php?r=message/index
---
2014/08/10 22:03:48 [error] [exception.CException] exception 'CException' with message 'SiteController cannot find the requested view "contact".' in C:\OpenServer\domains\wwwroot\yii\framework\web\CController.php:878
Stack trace:
#0 C:\OpenServer\domains\wwwroot\yii\framework\web\CController.php(782): CController->renderPartial('contact', Array, true)
#1 C:\OpenServer\domains\wwwroot\guest_book\protected\controllers\SiteController.php(94): CController->render('contact', Array)
#2 C:\OpenServer\domains\wwwroot\yii\framework\web\actions\CInlineAction.php(49): SiteController->actionContact()
#3 C:\OpenServer\domains\wwwroot\yii\framework\web\CController.php(308): CInlineAction->runWithParams(Array)
#4 C:\OpenServer\domains\wwwroot\yii\framework\web\CController.php(286): CController->runAction(Object(CInlineAction))
#5 C:\OpenServer\domains\wwwroot\yii\framework\web\CController.php(265): CController->runActionWithFilters(Object(CInlineAction), Array)
#6 C:\OpenServer\domains\wwwroot\yii\framework\web\CWebApplication.php(282): CController->run('contact')
#7 C:\OpenServer\domains\wwwroot\yii\framework\web\CWebApplication.php(141): CWebApplication->runController('site/contact')
#8 C:\OpenServer\domains\wwwroot\yii\framework\base\CApplication.php(180): CWebApplication->processRequest()
#9 C:\OpenServer\domains\wwwroot\guest_book\index.php(13): CApplication->run()
#10 {main}
REQUEST_URI=/guest_book/index.php?r=site/contact
HTTP_REFERER=http://wwwroot/guest_book/index.php?r=site/page&view=about
---
2014/08/10 22:07:18 [error] [exception.CHttpException.404] exception 'CHttpException' with message 'Unable to resolve the request "site".' in C:\OpenServer\domains\wwwroot\yii\framework\web\CWebApplication.php:286
Stack trace:
#0 C:\OpenServer\domains\wwwroot\yii\framework\web\CWebApplication.php(141): CWebApplication->runController('')
#1 C:\OpenServer\domains\wwwroot\yii\framework\base\CApplication.php(180): CWebApplication->processRequest()
#2 C:\OpenServer\domains\wwwroot\guest_book\index.php(13): CApplication->run()
#3 {main}
REQUEST_URI=/guest_book/index.php?
---
2014/08/10 22:08:40 [error] [exception.CHttpException.403] exception 'CHttpException' with message 'You are not authorized to perform this action.' in C:\OpenServer\domains\wwwroot\yii\framework\web\auth\CAccessControlFilter.php:182
Stack trace:
#0 C:\OpenServer\domains\wwwroot\yii\framework\web\auth\CAccessControlFilter.php(145): CAccessControlFilter->accessDenied(Object(CWebUser), 'You are not aut...')
#1 C:\OpenServer\domains\wwwroot\yii\framework\web\filters\CFilter.php(38): CAccessControlFilter->preFilter(Object(CFilterChain))
#2 C:\OpenServer\domains\wwwroot\yii\framework\web\CController.php(1145): CFilter->filter(Object(CFilterChain))
#3 C:\OpenServer\domains\wwwroot\yii\framework\web\filters\CInlineFilter.php(58): CController->filterAccessControl(Object(CFilterChain))
#4 C:\OpenServer\domains\wwwroot\yii\framework\web\filters\CFilterChain.php(130): CInlineFilter->filter(Object(CFilterChain))
#5 C:\OpenServer\domains\wwwroot\yii\framework\web\CController.php(291): CFilterChain->run()
#6 C:\OpenServer\domains\wwwroot\yii\framework\web\CController.php(265): CController->runActionWithFilters(Object(CCaptchaAction), Array)
#7 C:\OpenServer\domains\wwwroot\yii\framework\web\CWebApplication.php(282): CController->run('captcha')
#8 C:\OpenServer\domains\wwwroot\yii\framework\web\CWebApplication.php(141): CWebApplication->runController('message/captcha')
#9 C:\OpenServer\domains\wwwroot\yii\framework\base\CApplication.php(180): CWebApplication->processRequest()
#10 C:\OpenServer\domains\wwwroot\guest_book\index.php(13): CApplication->run()
#11 {main}
REQUEST_URI=/guest_book/index.php?r=message/captcha&v=53e7b527eb927
HTTP_REFERER=http://wwwroot/guest_book/index.php?r=message/
---
